[
  {
    "level": "INFO",
    "message": "android.ndkVersion from module build.gradle is not set"
  },
  {
    "level": "INFO",
    "message": "ndk.dir in local.properties is C:\\Users\\guozhenlong\\AppData\\Local\\Android\\Sdk\\ndk\\25.0.8775105"
  },
  {
    "level": "INFO",
    "message": "ANDROID_NDK_HOME environment variable is not set"
  },
  {
    "level": "INFO",
    "message": "sdkFolder is C:\\Users\\guozhenlong\\AppData\\Local\\Android\\Sdk"
  },
  {
    "level": "INFO",
    "message": "Considering C:\\Users\\guozhenlong\\AppData\\Local\\Android\\Sdk\\ndk\\25.0.8775105 by ndk.dir"
  },
  {
    "level": "INFO",
    "message": "Considering C:\\Users\\guozhenlong\\AppData\\Local\\Android\\Sdk\\ndk-bundle in SDK ndk-bundle folder"
  },
  {
    "level": "INFO",
    "message": "Considering C:\\Users\\guozhenlong\\AppData\\Local\\Android\\Sdk\\ndk\\21.0.6113669 in SDK ndk folder"
  },
  {
    "level": "INFO",
    "message": "Considering C:\\Users\\guozhenlong\\AppData\\Local\\Android\\Sdk\\ndk\\21.1.6352462 in SDK ndk folder"
  },
  {
    "level": "INFO",
    "message": "Considering C:\\Users\\guozhenlong\\AppData\\Local\\Android\\Sdk\\ndk\\21.4.7075529 in SDK ndk folder"
  },
  {
    "level": "INFO",
    "message": "Considering C:\\Users\\guozhenlong\\AppData\\Local\\Android\\Sdk\\ndk\\25.0.8775105 in SDK ndk folder"
  },
  {
    "level": "INFO",
    "message": "Considering C:\\Users\\guozhenlong\\AppData\\Local\\Android\\Sdk\\ndk\\25.2.9519653 in SDK ndk folder"
  },
  {
    "level": "INFO",
    "message": "Considering C:\\Users\\guozhenlong\\AppData\\Local\\Android\\Sdk\\ndk\\android-ndk-r14b in SDK ndk folder"
  },
  {
    "level": "INFO",
    "message": "Rejected C:\\Users\\guozhenlong\\AppData\\Local\\Android\\Sdk\\ndk-bundle in SDK ndk-bundle folder because that location has no source.properties"
  },
  {
    "level": "INFO",
    "message": "Found requested ndk.dir (C:\\Users\\guozhenlong\\AppData\\Local\\Android\\Sdk\\ndk\\25.0.8775105) which has version 25.0.8775105"
  }
]